Build started 3/15/2016 11:36:09 AM.
     1>Project "C:\Users\testex\Documents\GitHub\oglLineEdit\oglLineEdit\oglLineEdit.vcxproj" on node 2 (Build target(s)).
     1>ClCompile:
         C:\Program Files (x86)\Microsoft Visual Studio 11.0\VC\bin\CL.exe /c /ZI /nologo /W3 /WX- /sdl /Od /Oy- /D WIN32 /D _WINDOWS /D _DEBUG /D _UNICODE /D UNICODE /D _AFXDLL /Gm /EHsc /RTC1 /MDd /GS /fp:precise /Zc:wchar_t /Zc:forScope /Yu"stdafx.h" /Fp"Debug\oglLineEdit.pch" /Fo"Debug\\" /Fd"Debug\vc110.pdb" /Gd /TP /analyze- /errorReport:prompt LineEdit.cpp
         LineEdit.cpp
     1>c:\users\testex\documents\github\ogllineedit\ogllineedit\lineedit.cpp(239): warning C4244: 'initializing' : conversion from 'int' to 'float', possible loss of data
     1>c:\users\testex\documents\github\ogllineedit\ogllineedit\lineedit.cpp(242): warning C4244: '=' : conversion from 'LONG' to 'float', possible loss of data
     1>c:\users\testex\documents\github\ogllineedit\ogllineedit\lineedit.cpp(246): warning C4244: '=' : conversion from 'LONG' to 'float', possible loss of data
     1>c:\users\testex\documents\github\ogllineedit\ogllineedit\lineedit.cpp(265): warning C4018: '<' : signed/unsigned mismatch
       Link:
         C:\Program Files (x86)\Microsoft Visual Studio 11.0\VC\bin\link.exe /ERRORREPORT:PROMPT /OUT:"C:\Users\testex\Documents\GitHub\oglLineEdit\Debug\oglLineEdit.exe" /INCREMENTAL /NOLOGO glu32.lib opengl32.lib /MANIFEST /MANIFESTUAC:"level='asInvoker' uiAccess='false'" /manifest:embed /manifestinput:"C:\Program Files (x86)\Microsoft Visual Studio 11.0\VC\Include\Manifest\dpiaware.manifest" /DEBUG /PDB:"C:\Users\testex\Documents\GitHub\oglLineEdit\Debug\oglLineEdit.pdb" /SUBSYSTEM:WINDOWS /TLBID:1 /ENTRY:"wWinMainCRTStartup" /DYNAMICBASE /NXCOMPAT /IMPLIB:"C:\Users\testex\Documents\GitHub\oglLineEdit\Debug\oglLineEdit.lib" /MACHINE:X86 Debug\oglLineEdit.res
         Debug\3dVector.obj
         Debug\LineEdit.obj
         Debug\oglLineEdit.obj
         Debug\oglLineEditDlg.obj
         Debug\stdafx.obj
         oglLineEdit.vcxproj -> C:\Users\testex\Documents\GitHub\oglLineEdit\Debug\oglLineEdit.exe
     1>Done Building Project "C:\Users\testex\Documents\GitHub\oglLineEdit\oglLineEdit\oglLineEdit.vcxproj" (Build target(s)).

Build succeeded.

Time Elapsed 00:00:00.81
